<?xml version="1.0" encoding="UTF-8"?>
<testsuite xmlns:xsi="http://www.w3.org/2001/XMLSchema-instance" xsi:noNamespaceSchemaLocation="https://maven.apache.org/surefire/maven-surefire-plugin/xsd/surefire-test-report.xsd" name="fr.ufrsciencestech.compteur.model.MacedoineTest" time="0.035" tests="4" errors="0" skipped="0" failures="1">
  <properties>
    <property name="sun.desktop" value="gnome"/>
    <property name="awt.toolkit" value="sun.awt.X11.XToolkit"/>
    <property name="java.specification.version" value="11"/>
    <property name="sun.cpu.isalist" value=""/>
    <property name="sun.jnu.encoding" value="UTF-8"/>
    <property name="java.class.path" value="/home3/hg642766/M1/S7/Génie Logiciel/TP3/target/test-classes:/home3/hg642766/M1/S7/Génie Logiciel/TP3/target/classes:/home1/hg642766/.m2/repository/junit/junit/4.13/junit-4.13.jar:/home1/hg642766/.m2/repository/org/hamcrest/hamcrest-core/1.3/hamcrest-core-1.3.jar:/home1/hg642766/.m2/repository/org/mockito/mockito-all/1.9.5/mockito-all-1.9.5.jar:/home1/hg642766/.m2/repository/org/springframework/spring-context/5.1.9.RELEASE/spring-context-5.1.9.RELEASE.jar:/home1/hg642766/.m2/repository/org/springframework/spring-aop/5.1.9.RELEASE/spring-aop-5.1.9.RELEASE.jar:/home1/hg642766/.m2/repository/org/springframework/spring-beans/5.1.9.RELEASE/spring-beans-5.1.9.RELEASE.jar:/home1/hg642766/.m2/repository/org/springframework/spring-core/5.1.9.RELEASE/spring-core-5.1.9.RELEASE.jar:/home1/hg642766/.m2/repository/org/springframework/spring-jcl/5.1.9.RELEASE/spring-jcl-5.1.9.RELEASE.jar:/home1/hg642766/.m2/repository/org/springframework/spring-expression/5.1.9.RELEASE/spring-expression-5.1.9.RELEASE.jar:"/>
    <property name="java.vm.vendor" value="Debian"/>
    <property name="sun.arch.data.model" value="64"/>
    <property name="java.vendor.url" value="https://tracker.debian.org/openjdk-11"/>
    <property name="user.timezone" value=""/>
    <property name="java.vm.specification.version" value="11"/>
    <property name="os.name" value="Linux"/>
    <property name="user.country" value="FR"/>
    <property name="sun.java.launcher" value="SUN_STANDARD"/>
    <property name="sun.boot.library.path" value="/usr/lib/jvm/java-11-openjdk-amd64/lib"/>
    <property name="sun.java.command" value="/home3/hg642766/M1/S7/Génie Logiciel/TP3/target/surefire/surefirebooter13901226876778880427.jar /home3/hg642766/M1/S7/Génie Logiciel/TP3/target/surefire 2022-10-10T17-07-18_141-jvmRun1 surefire7083942866742075284tmp surefire_02175767829690830918tmp"/>
    <property name="jdk.debug" value="release"/>
    <property name="test" value="fr.ufrsciencestech.compteur.model.MacedoineTest"/>
    <property name="surefire.test.class.path" value="/home3/hg642766/M1/S7/Génie Logiciel/TP3/target/test-classes:/home3/hg642766/M1/S7/Génie Logiciel/TP3/target/classes:/home1/hg642766/.m2/repository/junit/junit/4.13/junit-4.13.jar:/home1/hg642766/.m2/repository/org/hamcrest/hamcrest-core/1.3/hamcrest-core-1.3.jar:/home1/hg642766/.m2/repository/org/mockito/mockito-all/1.9.5/mockito-all-1.9.5.jar:/home1/hg642766/.m2/repository/org/springframework/spring-context/5.1.9.RELEASE/spring-context-5.1.9.RELEASE.jar:/home1/hg642766/.m2/repository/org/springframework/spring-aop/5.1.9.RELEASE/spring-aop-5.1.9.RELEASE.jar:/home1/hg642766/.m2/repository/org/springframework/spring-beans/5.1.9.RELEASE/spring-beans-5.1.9.RELEASE.jar:/home1/hg642766/.m2/repository/org/springframework/spring-core/5.1.9.RELEASE/spring-core-5.1.9.RELEASE.jar:/home1/hg642766/.m2/repository/org/springframework/spring-jcl/5.1.9.RELEASE/spring-jcl-5.1.9.RELEASE.jar:/home1/hg642766/.m2/repository/org/springframework/spring-expression/5.1.9.RELEASE/spring-expression-5.1.9.RELEASE.jar:"/>
    <property name="sun.cpu.endian" value="little"/>
    <property name="user.home" value="/home1/hg642766"/>
    <property name="user.language" value="fr"/>
    <property name="java.specification.vendor" value="Oracle Corporation"/>
    <property name="java.version.date" value="2022-07-19"/>
    <property name="java.home" value="/usr/lib/jvm/java-11-openjdk-amd64"/>
    <property name="file.separator" value="/"/>
    <property name="basedir" value="/home3/hg642766/M1/S7/Génie Logiciel/TP3"/>
    <property name="java.vm.compressedOopsMode" value="Zero based"/>
    <property name="line.separator" value="&#10;"/>
    <property name="java.specification.name" value="Java Platform API Specification"/>
    <property name="java.vm.specification.vendor" value="Oracle Corporation"/>
    <property name="java.awt.graphicsenv" value="sun.awt.X11GraphicsEnvironment"/>
    <property name="surefire.real.class.path" value="/home3/hg642766/M1/S7/Génie Logiciel/TP3/target/surefire/surefirebooter13901226876778880427.jar"/>
    <property name="sun.management.compiler" value="HotSpot 64-Bit Tiered Compilers"/>
    <property name="java.runtime.version" value="11.0.16+8-post-Debian-1deb11u1"/>
    <property name="user.name" value="hg642766"/>
    <property name="path.separator" value=":"/>
    <property name="os.version" value="5.10.0-18-amd64"/>
    <property name="java.runtime.name" value="OpenJDK Runtime Environment"/>
    <property name="file.encoding" value="UTF-8"/>
    <property name="java.vm.name" value="OpenJDK 64-Bit Server VM"/>
    <property name="maven.ext.class.path" value="/usr/gide/netbeans-14/java/maven-nblib/netbeans-eventspy.jar"/>
    <property name="localRepository" value="/home1/hg642766/.m2/repository"/>
    <property name="java.vendor.url.bug" value="https://bugs.debian.org/openjdk-11"/>
    <property name="java.io.tmpdir" value="/tmp"/>
    <property name="java.version" value="11.0.16"/>
    <property name="user.dir" value="/home3/hg642766/M1/S7/Génie Logiciel/TP3"/>
    <property name="os.arch" value="amd64"/>
    <property name="java.vm.specification.name" value="Java Virtual Machine Specification"/>
    <property name="java.awt.printerjob" value="sun.print.PSPrinterJob"/>
    <property name="sun.os.patch.level" value="unknown"/>
    <property name="java.library.path" value="/usr/java/packages/lib:/usr/lib/x86_64-linux-gnu/jni:/lib/x86_64-linux-gnu:/usr/lib/x86_64-linux-gnu:/usr/lib/jni:/lib:/usr/lib"/>
    <property name="java.vm.info" value="mixed mode, sharing"/>
    <property name="java.vendor" value="Debian"/>
    <property name="java.vm.version" value="11.0.16+8-post-Debian-1deb11u1"/>
    <property name="sun.io.unicode.encoding" value="UnicodeLittle"/>
    <property name="java.class.version" value="55.0"/>
  </properties>
  <testcase name="testGetPrix" classname="fr.ufrsciencestech.compteur.model.MacedoineTest" time="0.004"/>
  <testcase name="testAjoute" classname="fr.ufrsciencestech.compteur.model.MacedoineTest" time="0"/>
  <testcase name="testEquals" classname="fr.ufrsciencestech.compteur.model.MacedoineTest" time="0.003">
    <failure message="expected:&lt;fr.ufrsciencestech.compteur.model.Macedoine@91161c7&gt; but was:&lt;fr.ufrsciencestech.compteur.model.Macedoine@604ed9f0&gt;" type="java.lang.AssertionError"><![CDATA[java.lang.AssertionError: expected:<fr.ufrsciencestech.compteur.model.Macedoine@91161c7> but was:<fr.ufrsciencestech.compteur.model.Macedoine@604ed9f0>
	at fr.ufrsciencestech.compteur.model.MacedoineTest.testEquals(MacedoineTest.java:71)
]]></failure>
    <system-out><![CDATA[Equals
]]></system-out>
  </testcase>
  <testcase name="testRemove" classname="fr.ufrsciencestech.compteur.model.MacedoineTest" time="0"/>
</testsuite>